<?xml version="1.0" encoding="UTF-8"?>
<testng-results ignored="0" total="1" passed="1" failed="0" skipped="0">
  <reporter-output>
  </reporter-output>
  <suite started-at="2023-10-18T16:21:51 IST" name="Default suite" finished-at="2023-10-18T16:22:24 IST" duration-ms="33032">
    <groups>
    </groups>
    <test started-at="2023-10-18T16:21:51 IST" name="Default test" finished-at="2023-10-18T16:22:24 IST" duration-ms="33032">
      <class name="com.Equarz.Testcases.AddressTest">
        <test-method is-config="true" signature="initialise()[pri:0, instance:com.Equarz.Testcases.AddressTest@1349883]" started-at="2023-10-18T16:21:51 IST" name="initialise" finished-at="2023-10-18T16:22:16 IST" duration-ms="25325" status="PASS">
          <reporter-output>
          </reporter-output>
        </test-method> <!-- initialise -->
        <test-method signature="del()[pri:0, instance:com.Equarz.Testcases.AddressTest@1349883]" started-at="2023-10-18T16:22:16 IST" name="del" finished-at="2023-10-18T16:22:24 IST" duration-ms="7648" status="PASS">
          <reporter-output>
          </reporter-output>
        </test-method> <!-- del -->
      </class> <!-- com.Equarz.Testcases.AddressTest -->
    </test> <!-- Default test -->
  </suite> <!-- Default suite -->
</testng-results>
