<?xml version="1.0" encoding="UTF-8"?>
<!-- Generated by org.testng.reporters.JUnitXMLReporter -->
<testsuite ignored="2" hostname="DESKTOP-8S56D39" failures="0" tests="1" name="Default test" time="33.032" errors="0" timestamp="2023-10-18T16:22:24 IST">
  <testcase classname="com.Equarz.Testcases.AddressTest" name="del" time="7.648"/>
  <testcase classname="com.Equarz.Testcases.AddressTest" name="address1" time="0.0">
    <ignored/>
  </testcase> <!-- address1 -->
  <testcase classname="com.Equarz.Testcases.AddressTest" name="editing" time="0.0">
    <ignored/>
  </testcase> <!-- editing -->
</testsuite> <!-- Default test -->
